2019-11-15 12:33:58,279 - Persepolis - INFO - Aria2 version: 1.34.0
2019-11-15 12:34:00,508 - Persepolis - ERROR - Spider couldn't find file name
2019-11-15 12:34:00,508 - Persepolis - ERROR - Spider couldn't find file size
===================================================
Persepolis Download Manager, 2019/11/15 12:35:14
2019-11-15 12:35:14,429 - Persepolis - INFO - chrome: Json file is created successfully.
persepolis executer file is created successfully.

2019-11-15 12:35:14,434 - Persepolis - INFO - chromium: Json file is created successfully.
persepolis executer file is created successfully.

2019-11-15 12:35:14,440 - Persepolis - INFO - opera: Json file is created successfully.
persepolis executer file is created successfully.

2019-11-15 12:35:14,445 - Persepolis - INFO - vivaldi: Json file is created successfully.
persepolis executer file is created successfully.

2019-11-15 12:35:14,450 - Persepolis - INFO - firefox: Json file is created successfully.
persepolis executer file is created successfully.

2019-11-15 12:35:14,798 - Persepolis - INFO - youtube_dl version: 2019.10.29
2019-11-15 12:35:14,919 - Persepolis - ERROR - Aria2 didn't respond!
2019-11-15 12:35:14,919 - Persepolis - INFO - Starting Aria2
2019-11-15 12:35:14,991 - Persepolis - INFO - 
**********
ffmpeg version n4.2.1 Copyright (c) 2000-2019 the FFmpeg developers
built with gcc 9.1.0 (GCC) configuration: --prefix=/usr --disable-
debug --disable-static --disable-stripping --enable-fontconfig
--enable-gmp --enable-gnutls --enable-gpl --enable-ladspa --enable-
libaom --enable-libass --enable-libbluray --enable-libdav1d --enable-
libdrm --enable-libfreetype --enable-libfribidi --enable-libgsm
--enable-libiec61883 --enable-libjack --enable-libmodplug --enable-
libmp3lame --enable-libopencore_amrnb --enable-libopencore_amrwb
--enable-libopenjpeg --enable-libopus --enable-libpulse --enable-
libsoxr --enable-libspeex --enable-libssh --enable-libtheora --enable-
libv4l2 --enable-libvidstab --enable-libvorbis --enable-libvpx
--enable-libwebp --enable-libx264 --enable-libx265 --enable-libxcb
--enable-libxml2 --enable-libxvid --enable-nvdec --enable-nvenc
--enable-omx --enable-shared --enable-version3 libavutil      56.
31.100 / 56. 31.100 libavcodec     58. 54.100 / 58. 54.100 libavformat
58. 29.100 / 58. 29.100 libavdevice    58.  8.100 / 58.  8.100
libavfilter     7. 57.100 /  7. 57.100 libswscale      5.  5.100 /  5.
5.100 libswresample   3.  5.100 /  3.  5.100 libpostproc    55.  5.100
/ 55.  5.100
**********

2019-11-15 12:35:14,991 - Persepolis - INFO - python version: 3.7.4 (default, Oct  4 2019, 06:57:26) 
[GCC 9.2.0]
2019-11-15 12:35:14,991 - Persepolis - INFO - QT version: 5.13.1
2019-11-15 12:35:14,991 - Persepolis - INFO - PyQt version: 5.13.1
2019-11-15 12:35:14,991 - Persepolis - INFO - Operating system: Linux
2019-11-15 12:35:14,991 - Persepolis - INFO - Desktop env.: i3
2019-11-15 12:35:16,928 - Persepolis - INFO - Aria2 is running
2019-11-15 12:35:16,928 - Persepolis - INFO - Aria2 version: 1.34.0
Persepolis Download Manager, 2019/11/15 12:37:55
2019-11-15 12:37:55,595 - Persepolis - INFO - chrome: Json file is created successfully.
persepolis executer file is created successfully.

2019-11-15 12:37:55,599 - Persepolis - INFO - chromium: Json file is created successfully.
persepolis executer file is created successfully.

2019-11-15 12:37:55,603 - Persepolis - INFO - opera: Json file is created successfully.
persepolis executer file is created successfully.

2019-11-15 12:37:55,607 - Persepolis - INFO - vivaldi: Json file is created successfully.
persepolis executer file is created successfully.

2019-11-15 12:37:55,611 - Persepolis - INFO - firefox: Json file is created successfully.
persepolis executer file is created successfully.

2019-11-15 12:37:55,958 - Persepolis - INFO - youtube_dl version: 2019.10.29
2019-11-15 12:37:56,082 - Persepolis - INFO - Aria2 is running
2019-11-15 12:37:56,083 - Persepolis - INFO - Aria2 version: 1.34.0
2019-11-15 12:37:56,141 - Persepolis - INFO - 
**********
ffmpeg version n4.2.1 Copyright (c) 2000-2019 the FFmpeg developers
built with gcc 9.1.0 (GCC) configuration: --prefix=/usr --disable-
debug --disable-static --disable-stripping --enable-fontconfig
--enable-gmp --enable-gnutls --enable-gpl --enable-ladspa --enable-
libaom --enable-libass --enable-libbluray --enable-libdav1d --enable-
libdrm --enable-libfreetype --enable-libfribidi --enable-libgsm
--enable-libiec61883 --enable-libjack --enable-libmodplug --enable-
libmp3lame --enable-libopencore_amrnb --enable-libopencore_amrwb
--enable-libopenjpeg --enable-libopus --enable-libpulse --enable-
libsoxr --enable-libspeex --enable-libssh --enable-libtheora --enable-
libv4l2 --enable-libvidstab --enable-libvorbis --enable-libvpx
--enable-libwebp --enable-libx264 --enable-libx265 --enable-libxcb
--enable-libxml2 --enable-libxvid --enable-nvdec --enable-nvenc
--enable-omx --enable-shared --enable-version3 libavutil      56.
31.100 / 56. 31.100 libavcodec     58. 54.100 / 58. 54.100 libavformat
58. 29.100 / 58. 29.100 libavdevice    58.  8.100 / 58.  8.100
libavfilter     7. 57.100 /  7. 57.100 libswscale      5.  5.100 /  5.
5.100 libswresample   3.  5.100 /  3.  5.100 libpostproc    55.  5.100
/ 55.  5.100
**********

2019-11-15 12:37:56,142 - Persepolis - INFO - python version: 3.7.4 (default, Oct  4 2019, 06:57:26) 
[GCC 9.2.0]
2019-11-15 12:37:56,142 - Persepolis - INFO - QT version: 5.13.1
2019-11-15 12:37:56,142 - Persepolis - INFO - PyQt version: 5.13.1
2019-11-15 12:37:56,142 - Persepolis - INFO - Operating system: Linux
2019-11-15 12:37:56,142 - Persepolis - INFO - Desktop env.: i3
===================================================
Persepolis Download Manager, 2019/11/15 12:39:36
2019-11-15 12:39:36,305 - Persepolis - INFO - chrome: Json file is created successfully.
persepolis executer file is created successfully.

2019-11-15 12:39:36,309 - Persepolis - INFO - chromium: Json file is created successfully.
persepolis executer file is created successfully.

2019-11-15 12:39:36,313 - Persepolis - INFO - opera: Json file is created successfully.
persepolis executer file is created successfully.

2019-11-15 12:39:36,317 - Persepolis - INFO - vivaldi: Json file is created successfully.
persepolis executer file is created successfully.

2019-11-15 12:39:36,321 - Persepolis - INFO - firefox: Json file is created successfully.
persepolis executer file is created successfully.

2019-11-15 12:39:36,661 - Persepolis - INFO - youtube_dl version: 2019.10.29
2019-11-15 12:39:36,788 - Persepolis - INFO - Aria2 is running
2019-11-15 12:39:36,788 - Persepolis - INFO - Aria2 version: 1.34.0
2019-11-15 12:39:36,850 - Persepolis - INFO - 
**********
ffmpeg version n4.2.1 Copyright (c) 2000-2019 the FFmpeg developers
built with gcc 9.1.0 (GCC) configuration: --prefix=/usr --disable-
debug --disable-static --disable-stripping --enable-fontconfig
--enable-gmp --enable-gnutls --enable-gpl --enable-ladspa --enable-
libaom --enable-libass --enable-libbluray --enable-libdav1d --enable-
libdrm --enable-libfreetype --enable-libfribidi --enable-libgsm
--enable-libiec61883 --enable-libjack --enable-libmodplug --enable-
libmp3lame --enable-libopencore_amrnb --enable-libopencore_amrwb
--enable-libopenjpeg --enable-libopus --enable-libpulse --enable-
libsoxr --enable-libspeex --enable-libssh --enable-libtheora --enable-
libv4l2 --enable-libvidstab --enable-libvorbis --enable-libvpx
--enable-libwebp --enable-libx264 --enable-libx265 --enable-libxcb
--enable-libxml2 --enable-libxvid --enable-nvdec --enable-nvenc
--enable-omx --enable-shared --enable-version3 libavutil      56.
31.100 / 56. 31.100 libavcodec     58. 54.100 / 58. 54.100 libavformat
58. 29.100 / 58. 29.100 libavdevice    58.  8.100 / 58.  8.100
libavfilter     7. 57.100 /  7. 57.100 libswscale      5.  5.100 /  5.
5.100 libswresample   3.  5.100 /  3.  5.100 libpostproc    55.  5.100
/ 55.  5.100
**********

2019-11-15 12:39:36,851 - Persepolis - INFO - python version: 3.7.4 (default, Oct  4 2019, 06:57:26) 
[GCC 9.2.0]
2019-11-15 12:39:36,852 - Persepolis - INFO - QT version: 5.13.1
2019-11-15 12:39:36,852 - Persepolis - INFO - PyQt version: 5.13.1
2019-11-15 12:39:36,853 - Persepolis - INFO - Operating system: Linux
2019-11-15 12:39:36,853 - Persepolis - INFO - Desktop env.: i3
===================================================
Persepolis Download Manager, 2019/11/15 12:40:19
2019-11-15 12:40:19,853 - Persepolis - INFO - chrome: Json file is created successfully.
persepolis executer file is created successfully.

2019-11-15 12:40:19,857 - Persepolis - INFO - chromium: Json file is created successfully.
persepolis executer file is created successfully.

2019-11-15 12:40:19,861 - Persepolis - INFO - opera: Json file is created successfully.
persepolis executer file is created successfully.

2019-11-15 12:40:19,865 - Persepolis - INFO - vivaldi: Json file is created successfully.
persepolis executer file is created successfully.

2019-11-15 12:40:19,869 - Persepolis - INFO - firefox: Json file is created successfully.
persepolis executer file is created successfully.

2019-11-15 12:40:20,211 - Persepolis - INFO - youtube_dl version: 2019.10.29
2019-11-15 12:40:20,338 - Persepolis - INFO - Aria2 is running
2019-11-15 12:40:20,339 - Persepolis - INFO - Aria2 version: 1.34.0
2019-11-15 12:40:20,413 - Persepolis - INFO - 
**********
ffmpeg version n4.2.1 Copyright (c) 2000-2019 the FFmpeg developers
built with gcc 9.1.0 (GCC) configuration: --prefix=/usr --disable-
debug --disable-static --disable-stripping --enable-fontconfig
--enable-gmp --enable-gnutls --enable-gpl --enable-ladspa --enable-
libaom --enable-libass --enable-libbluray --enable-libdav1d --enable-
libdrm --enable-libfreetype --enable-libfribidi --enable-libgsm
--enable-libiec61883 --enable-libjack --enable-libmodplug --enable-
libmp3lame --enable-libopencore_amrnb --enable-libopencore_amrwb
--enable-libopenjpeg --enable-libopus --enable-libpulse --enable-
libsoxr --enable-libspeex --enable-libssh --enable-libtheora --enable-
libv4l2 --enable-libvidstab --enable-libvorbis --enable-libvpx
--enable-libwebp --enable-libx264 --enable-libx265 --enable-libxcb
--enable-libxml2 --enable-libxvid --enable-nvdec --enable-nvenc
--enable-omx --enable-shared --enable-version3 libavutil      56.
31.100 / 56. 31.100 libavcodec     58. 54.100 / 58. 54.100 libavformat
58. 29.100 / 58. 29.100 libavdevice    58.  8.100 / 58.  8.100
libavfilter     7. 57.100 /  7. 57.100 libswscale      5.  5.100 /  5.
5.100 libswresample   3.  5.100 /  3.  5.100 libpostproc    55.  5.100
/ 55.  5.100
**********

2019-11-15 12:40:20,413 - Persepolis - INFO - python version: 3.7.4 (default, Oct  4 2019, 06:57:26) 
[GCC 9.2.0]
2019-11-15 12:40:20,413 - Persepolis - INFO - QT version: 5.13.1
2019-11-15 12:40:20,413 - Persepolis - INFO - PyQt version: 5.13.1
2019-11-15 12:40:20,414 - Persepolis - INFO - Operating system: Linux
2019-11-15 12:40:20,414 - Persepolis - INFO - Desktop env.: i3
Persepolis Download Manager, 2019/11/15 12:54:21
2019-11-15 12:54:21,092 - Persepolis - INFO - chrome: Json file is created successfully.
persepolis executer file is created successfully.

2019-11-15 12:54:21,096 - Persepolis - INFO - chromium: Json file is created successfully.
persepolis executer file is created successfully.

2019-11-15 12:54:21,100 - Persepolis - INFO - opera: Json file is created successfully.
persepolis executer file is created successfully.

2019-11-15 12:54:21,104 - Persepolis - INFO - vivaldi: Json file is created successfully.
persepolis executer file is created successfully.

2019-11-15 12:54:21,108 - Persepolis - INFO - firefox: Json file is created successfully.
persepolis executer file is created successfully.

2019-11-15 12:54:21,450 - Persepolis - INFO - youtube_dl version: 2019.10.29
2019-11-15 12:54:21,574 - Persepolis - INFO - Aria2 is running
2019-11-15 12:54:21,574 - Persepolis - INFO - Aria2 version: 1.34.0
2019-11-15 12:54:21,636 - Persepolis - INFO - 
**********
ffmpeg version n4.2.1 Copyright (c) 2000-2019 the FFmpeg developers
built with gcc 9.1.0 (GCC) configuration: --prefix=/usr --disable-
debug --disable-static --disable-stripping --enable-fontconfig
--enable-gmp --enable-gnutls --enable-gpl --enable-ladspa --enable-
libaom --enable-libass --enable-libbluray --enable-libdav1d --enable-
libdrm --enable-libfreetype --enable-libfribidi --enable-libgsm
--enable-libiec61883 --enable-libjack --enable-libmodplug --enable-
libmp3lame --enable-libopencore_amrnb --enable-libopencore_amrwb
--enable-libopenjpeg --enable-libopus --enable-libpulse --enable-
libsoxr --enable-libspeex --enable-libssh --enable-libtheora --enable-
libv4l2 --enable-libvidstab --enable-libvorbis --enable-libvpx
--enable-libwebp --enable-libx264 --enable-libx265 --enable-libxcb
--enable-libxml2 --enable-libxvid --enable-nvdec --enable-nvenc
--enable-omx --enable-shared --enable-version3 libavutil      56.
31.100 / 56. 31.100 libavcodec     58. 54.100 / 58. 54.100 libavformat
58. 29.100 / 58. 29.100 libavdevice    58.  8.100 / 58.  8.100
libavfilter     7. 57.100 /  7. 57.100 libswscale      5.  5.100 /  5.
5.100 libswresample   3.  5.100 /  3.  5.100 libpostproc    55.  5.100
/ 55.  5.100
**********

2019-11-15 12:54:21,637 - Persepolis - INFO - python version: 3.7.4 (default, Oct  4 2019, 06:57:26) 
[GCC 9.2.0]
2019-11-15 12:54:21,638 - Persepolis - INFO - QT version: 5.13.1
2019-11-15 12:54:21,638 - Persepolis - INFO - PyQt version: 5.13.1
2019-11-15 12:54:21,639 - Persepolis - INFO - Operating system: Linux
2019-11-15 12:54:21,639 - Persepolis - INFO - Desktop env.: i3
===================================================
Persepolis Download Manager, 2019/11/15 12:55:30
2019-11-15 12:55:30,072 - Persepolis - INFO - chrome: Json file is created successfully.
persepolis executer file is created successfully.

2019-11-15 12:55:30,077 - Persepolis - INFO - chromium: Json file is created successfully.
persepolis executer file is created successfully.

2019-11-15 12:55:30,081 - Persepolis - INFO - opera: Json file is created successfully.
persepolis executer file is created successfully.

2019-11-15 12:55:30,085 - Persepolis - INFO - vivaldi: Json file is created successfully.
persepolis executer file is created successfully.

2019-11-15 12:55:30,089 - Persepolis - INFO - firefox: Json file is created successfully.
persepolis executer file is created successfully.

2019-11-15 12:55:30,422 - Persepolis - INFO - youtube_dl version: 2019.10.29
2019-11-15 12:55:30,546 - Persepolis - INFO - Aria2 is running
2019-11-15 12:55:30,546 - Persepolis - INFO - Aria2 version: 1.34.0
2019-11-15 12:55:30,606 - Persepolis - INFO - 
**********
ffmpeg version n4.2.1 Copyright (c) 2000-2019 the FFmpeg developers
built with gcc 9.1.0 (GCC) configuration: --prefix=/usr --disable-
debug --disable-static --disable-stripping --enable-fontconfig
--enable-gmp --enable-gnutls --enable-gpl --enable-ladspa --enable-
libaom --enable-libass --enable-libbluray --enable-libdav1d --enable-
libdrm --enable-libfreetype --enable-libfribidi --enable-libgsm
--enable-libiec61883 --enable-libjack --enable-libmodplug --enable-
libmp3lame --enable-libopencore_amrnb --enable-libopencore_amrwb
--enable-libopenjpeg --enable-libopus --enable-libpulse --enable-
libsoxr --enable-libspeex --enable-libssh --enable-libtheora --enable-
libv4l2 --enable-libvidstab --enable-libvorbis --enable-libvpx
--enable-libwebp --enable-libx264 --enable-libx265 --enable-libxcb
--enable-libxml2 --enable-libxvid --enable-nvdec --enable-nvenc
--enable-omx --enable-shared --enable-version3 libavutil      56.
31.100 / 56. 31.100 libavcodec     58. 54.100 / 58. 54.100 libavformat
58. 29.100 / 58. 29.100 libavdevice    58.  8.100 / 58.  8.100
libavfilter     7. 57.100 /  7. 57.100 libswscale      5.  5.100 /  5.
5.100 libswresample   3.  5.100 /  3.  5.100 libpostproc    55.  5.100
/ 55.  5.100
**********

2019-11-15 12:55:30,607 - Persepolis - INFO - python version: 3.7.4 (default, Oct  4 2019, 06:57:26) 
[GCC 9.2.0]
2019-11-15 12:55:30,607 - Persepolis - INFO - QT version: 5.13.1
2019-11-15 12:55:30,607 - Persepolis - INFO - PyQt version: 5.13.1
2019-11-15 12:55:30,607 - Persepolis - INFO - Operating system: Linux
2019-11-15 12:55:30,607 - Persepolis - INFO - Desktop env.: i3
